----------------------------------------------------------------
Wed Jun 10 17:35:41 EDT 2020:
Booting Derby version The Apache Software Foundation - Apache Derby - 10.14.2.0 - (1828579): instance a816c00e-0172-a028-fee8-000008ab4c00 
on database directory memory:D:\sowmya\Learning\WebDev-Workspace\springBootDemo\testdb with class loader sun.misc.Launcher$AppClassLoader@2a139a55 
Loaded from file:/C:/Users/giris/.m2/repository/org/apache/derby/derby/10.14.2.0/derby-10.14.2.0.jar
java.vendor=Oracle Corporation
java.runtime.version=1.8.0_231-b11
user.dir=D:\sowmya\Learning\WebDev-Workspace\springBootDemo
os.name=Windows 10
os.arch=amd64
os.version=10.0
derby.system.home=null
Database Class Loader started - derby.database.classpath=''
----------------------------------------------------------------
Wed Jun 10 17:39:32 EDT 2020:
Shutting down instance a816c00e-0172-a028-fee8-000008ab4c00 on database directory memory:D:\sowmya\Learning\WebDev-Workspace\springBootDemo\testdb with class loader sun.misc.Launcher$AppClassLoader@2a139a55 
----------------------------------------------------------------
Wed Jun 10 17:39:34 EDT 2020:
Booting Derby version The Apache Software Foundation - Apache Derby - 10.14.2.0 - (1828579): instance 560c80d5-0172-a028-fee8-000008ab4c00 
on database directory memory:D:\sowmya\Learning\WebDev-Workspace\springBootDemo\testdb with class loader sun.misc.Launcher$AppClassLoader@2a139a55 
Loaded from file:/C:/Users/giris/.m2/repository/org/apache/derby/derby/10.14.2.0/derby-10.14.2.0.jar
java.vendor=Oracle Corporation
java.runtime.version=1.8.0_231-b11
user.dir=D:\sowmya\Learning\WebDev-Workspace\springBootDemo
os.name=Windows 10
os.arch=amd64
os.version=10.0
derby.system.home=null
Database Class Loader started - derby.database.classpath=''
----------------------------------------------------------------
Wed Jun 10 17:40:01 EDT 2020:
Shutting down instance 560c80d5-0172-a028-fee8-000008ab4c00 on database directory memory:D:\sowmya\Learning\WebDev-Workspace\springBootDemo\testdb with class loader sun.misc.Launcher$AppClassLoader@2a139a55 
----------------------------------------------------------------
Wed Jun 10 17:40:02 EDT 2020:
Booting Derby version The Apache Software Foundation - Apache Derby - 10.14.2.0 - (1828579): instance 6aae819c-0172-a028-fee8-000008ab4c00 
on database directory memory:D:\sowmya\Learning\WebDev-Workspace\springBootDemo\testdb with class loader sun.misc.Launcher$AppClassLoader@2a139a55 
Loaded from file:/C:/Users/giris/.m2/repository/org/apache/derby/derby/10.14.2.0/derby-10.14.2.0.jar
java.vendor=Oracle Corporation
java.runtime.version=1.8.0_231-b11
user.dir=D:\sowmya\Learning\WebDev-Workspace\springBootDemo
os.name=Windows 10
os.arch=amd64
os.version=10.0
derby.system.home=null
Database Class Loader started - derby.database.classpath=''
----------------------------------------------------------------
Wed Jun 10 17:40:40 EDT 2020:
Shutting down instance 6aae819c-0172-a028-fee8-000008ab4c00 on database directory memory:D:\sowmya\Learning\WebDev-Workspace\springBootDemo\testdb with class loader sun.misc.Launcher$AppClassLoader@2a139a55 
----------------------------------------------------------------
Wed Jun 10 17:40:41 EDT 2020:
Booting Derby version The Apache Software Foundation - Apache Derby - 10.14.2.0 - (1828579): instance 55fcc263-0172-a028-fee8-000008ab4c00 
on database directory memory:D:\sowmya\Learning\WebDev-Workspace\springBootDemo\testdb with class loader sun.misc.Launcher$AppClassLoader@2a139a55 
Loaded from file:/C:/Users/giris/.m2/repository/org/apache/derby/derby/10.14.2.0/derby-10.14.2.0.jar
java.vendor=Oracle Corporation
java.runtime.version=1.8.0_231-b11
user.dir=D:\sowmya\Learning\WebDev-Workspace\springBootDemo
os.name=Windows 10
os.arch=amd64
os.version=10.0
derby.system.home=null
Database Class Loader started - derby.database.classpath=''
----------------------------------------------------------------
Wed Jun 10 17:40:58 EDT 2020:
Shutting down instance 55fcc263-0172-a028-fee8-000008ab4c00 on database directory memory:D:\sowmya\Learning\WebDev-Workspace\springBootDemo\testdb with class loader sun.misc.Launcher$AppClassLoader@2a139a55 
----------------------------------------------------------------
Wed Jun 10 17:40:59 EDT 2020:
Booting Derby version The Apache Software Foundation - Apache Derby - 10.14.2.0 - (1828579): instance 87f7432a-0172-a028-fee8-000008ab4c00 
on database directory memory:D:\sowmya\Learning\WebDev-Workspace\springBootDemo\testdb with class loader sun.misc.Launcher$AppClassLoader@2a139a55 
Loaded from file:/C:/Users/giris/.m2/repository/org/apache/derby/derby/10.14.2.0/derby-10.14.2.0.jar
java.vendor=Oracle Corporation
java.runtime.version=1.8.0_231-b11
user.dir=D:\sowmya\Learning\WebDev-Workspace\springBootDemo
os.name=Windows 10
os.arch=amd64
os.version=10.0
derby.system.home=null
Database Class Loader started - derby.database.classpath=''
